<!DOCTYPE html PUBLIC "-//W3C//DTD XHTML 1.1//EN" "http://www.w3.org/TR/xhtml11/DTD/xhtml11.dtd">
<html xmlns="http://www.w3.org/1999/xhtml"><head><title>TestNG Report</title><style type="text/css">table {margin-bottom:10px;border-collapse:collapse;empty-cells:show}th,td {border:1px solid #009;padding:.25em .5em}th {vertical-align:bottom}td {vertical-align:top}table a {font-weight:bold}.stripe td {background-color: #E6EBF9}.num {text-align:right}.passedodd td {background-color: #3F3}.passedeven td {background-color: #0A0}.skippedodd td {background-color: #DDD}.skippedeven td {background-color: #CCC}.failedodd td,.attn {background-color: #F33}.failedeven td,.stripe .attn {background-color: #D00}.stacktrace {white-space:pre;font-family:monospace}.totop {font-size:85%;text-align:center;border-bottom:2px solid #000}</style></head><body><table><tr><th>Test</th><th># Passed</th><th># Skipped</th><th># Failed</th><th>Time (ms)</th><th>Included Groups</th><th>Excluded Groups</th></tr><tr><th colspan="7">Amazon Suite</th></tr><tr><td><a href="#t0">Amazon Suite</a></td><td class="num">5</td><td class="num">0</td><td class="num attn">2</td><td class="num">46,404</td><td></td><td></td></tr></table><table id='summary'><thead><tr><th>Class</th><th>Method</th><th>Start</th><th>Time (ms)</th></tr></thead><tbody><tr><th colspan="4">Amazon Suite</th></tr></tbody><tbody id="t0"><tr><th colspan="4">Amazon Suite &#8212; failed</th></tr><tr class="failedeven"><td rowspan="2">com.qa.testcases.TripAdvisorHotelReviewPageTest</td><td><a href="#m0">productSearchButtonClickInFlipkart</a></td><td rowspan="1">1576822319152</td><td rowspan="1">29</td></tr><tr class="failedeven"><td><a href="#m1">readProductRateInFlipkart</a></td><td rowspan="1">1576822319189</td><td rowspan="1">5078</td></tr><tr><th colspan="4">Amazon Suite &#8212; passed</th></tr><tr class="passedeven"><td rowspan="4">com.qa.testcases.TripAdvisorHomePageTest</td><td><a href="#m2">firstItemClick</a></td><td rowspan="1">1576822285258</td><td rowspan="1">3263</td></tr><tr class="passedeven"><td><a href="#m3">moveToFlipkart</a></td><td rowspan="1">1576822288526</td><td rowspan="1">3</td></tr><tr class="passedeven"><td><a href="#m4">productSearch</a></td><td rowspan="1">1576822277941</td><td rowspan="1">6801</td></tr><tr class="passedeven"><td><a href="#m5">productSearchButtonClick</a></td><td rowspan="1">1576822284747</td><td rowspan="1">508</td></tr><tr class="passedodd"><td rowspan="1">com.qa.testcases.TripAdvisorHotelReviewPageTest</td><td><a href="#m6">enterProductNameToSearchInFlikart</a></td><td rowspan="1">1576822288537</td><td rowspan="1">30608</td></tr></tbody></table><h2>Amazon Suite</h2><h3 id="m0">com.qa.testcases.TripAdvisorHotelReviewPageTest#productSearchButtonClickInFlipkart</h3><table class="result"><tr><th>Exception</th></tr><tr><td><div class="stacktrace">org.openqa.selenium.NoSuchElementException: no such element: Unable to locate element: {&quot;method&quot;:&quot;xpath&quot;,&quot;selector&quot;:&quot;//button[@class = &apos;vh79eN&apos;]&quot;}
  (Session info: chrome=79.0.3945.88)
For documentation on this error, please visit: http://seleniumhq.org/exceptions/no_such_element.html
Build info: version: &apos;3.14.0&apos;, revision: &apos;aacccce0&apos;, time: &apos;2018-08-02T20:19:58.91Z&apos;
System info: host: &apos;DESKTOP-FQKEHJ9&apos;, ip: &apos;172.20.139.97&apos;, os.name: &apos;Windows 10&apos;, os.arch: &apos;amd64&apos;, os.version: &apos;10.0&apos;, java.version: &apos;1.8.0_171&apos;
Driver info: org.openqa.selenium.chrome.ChromeDriver
Capabilities {acceptInsecureCerts: false, browserName: chrome, browserVersion: 79.0.3945.88, chrome: {chromedriverVersion: 79.0.3945.36 (3582db32b3389..., userDataDir: C:\Users\Subbu\AppData\Loca...}, goog:chromeOptions: {debuggerAddress: localhost:60852}, javascriptEnabled: true, networkConnectionEnabled: false, pageLoadStrategy: normal, platform: WINDOWS, platformName: WINDOWS, proxy: Proxy(), setWindowRect: true, strictFileInteractability: false, timeouts: {implicit: 0, pageLoad: 300000, script: 30000}, unhandledPromptBehavior: dismiss and notify}
Session ID: 98c31e23a01ec057424d1ef664e6ec15
*** Element info: {Using=xpath, value=//button[@class = &apos;vh79eN&apos;]}
	at org.openqa.selenium.remote.http.W3CHttpResponseCodec.createException(W3CHttpResponseCodec.java:187)
	at org.openqa.selenium.remote.http.W3CHttpResponseCodec.decode(W3CHttpResponseCodec.java:122)
	at org.openqa.selenium.remote.http.W3CHttpResponseCodec.decode(W3CHttpResponseCodec.java:49)
	at org.openqa.selenium.remote.HttpCommandExecutor.execute(HttpCommandExecutor.java:158)
	at org.openqa.selenium.remote.service.DriverCommandExecutor.execute(DriverCommandExecutor.java:83)
	at org.openqa.selenium.remote.RemoteWebDriver.execute(RemoteWebDriver.java:548)
	at org.openqa.selenium.remote.RemoteWebDriver.findElement(RemoteWebDriver.java:322)
	at org.openqa.selenium.remote.RemoteWebDriver.findElementByXPath(RemoteWebDriver.java:424)
	at org.openqa.selenium.By$ByXPath.findElement(By.java:353)
	at org.openqa.selenium.remote.RemoteWebDriver.findElement(RemoteWebDriver.java:314)
	at org.openqa.selenium.support.pagefactory.DefaultElementLocator.findElement(DefaultElementLocator.java:69)
	at org.openqa.selenium.support.pagefactory.internal.LocatingElementHandler.invoke(LocatingElementHandler.java:38)
	at com.sun.proxy.$Proxy8.click(Unknown Source)
	at com.qa.pages.TripAdvisorHotelReviewPage.clickOnSearchButtonInFlikart(TripAdvisorHotelReviewPage.java:130)
	at com.qa.testcases.TripAdvisorHotelReviewPageTest.productSearchButtonClickInFlipkart(TripAdvisorHotelReviewPageTest.java:39)
... Removed 29 stack frames</div></td></tr></table><p class="totop"><a href="#summary">back to summary</a></p><h3 id="m1">com.qa.testcases.TripAdvisorHotelReviewPageTest#readProductRateInFlipkart</h3><table class="result"><tr><th>Exception</th></tr><tr><td><div class="stacktrace">org.openqa.selenium.NoSuchElementException: no such element: Unable to locate element: {&quot;method&quot;:&quot;xpath&quot;,&quot;selector&quot;:&quot;//div[@class=&apos;_1uv9Cb&apos;]/div[1]&quot;}
  (Session info: chrome=79.0.3945.88)
For documentation on this error, please visit: http://seleniumhq.org/exceptions/no_such_element.html
Build info: version: &apos;3.14.0&apos;, revision: &apos;aacccce0&apos;, time: &apos;2018-08-02T20:19:58.91Z&apos;
System info: host: &apos;DESKTOP-FQKEHJ9&apos;, ip: &apos;172.20.139.97&apos;, os.name: &apos;Windows 10&apos;, os.arch: &apos;amd64&apos;, os.version: &apos;10.0&apos;, java.version: &apos;1.8.0_171&apos;
Driver info: org.openqa.selenium.chrome.ChromeDriver
Capabilities {acceptInsecureCerts: false, browserName: chrome, browserVersion: 79.0.3945.88, chrome: {chromedriverVersion: 79.0.3945.36 (3582db32b3389..., userDataDir: C:\Users\Subbu\AppData\Loca...}, goog:chromeOptions: {debuggerAddress: localhost:60852}, javascriptEnabled: true, networkConnectionEnabled: false, pageLoadStrategy: normal, platform: WINDOWS, platformName: WINDOWS, proxy: Proxy(), setWindowRect: true, strictFileInteractability: false, timeouts: {implicit: 0, pageLoad: 300000, script: 30000}, unhandledPromptBehavior: dismiss and notify}
Session ID: 98c31e23a01ec057424d1ef664e6ec15
*** Element info: {Using=xpath, value=//div[@class=&apos;_1uv9Cb&apos;]/div[1]}
	at org.openqa.selenium.remote.http.W3CHttpResponseCodec.createException(W3CHttpResponseCodec.java:187)
	at org.openqa.selenium.remote.http.W3CHttpResponseCodec.decode(W3CHttpResponseCodec.java:122)
	at org.openqa.selenium.remote.http.W3CHttpResponseCodec.decode(W3CHttpResponseCodec.java:49)
	at org.openqa.selenium.remote.HttpCommandExecutor.execute(HttpCommandExecutor.java:158)
	at org.openqa.selenium.remote.service.DriverCommandExecutor.execute(DriverCommandExecutor.java:83)
	at org.openqa.selenium.remote.RemoteWebDriver.execute(RemoteWebDriver.java:548)
	at org.openqa.selenium.remote.RemoteWebDriver.findElement(RemoteWebDriver.java:322)
	at org.openqa.selenium.remote.RemoteWebDriver.findElementByXPath(RemoteWebDriver.java:424)
	at org.openqa.selenium.By$ByXPath.findElement(By.java:353)
	at org.openqa.selenium.remote.RemoteWebDriver.findElement(RemoteWebDriver.java:314)
	at org.openqa.selenium.support.pagefactory.DefaultElementLocator.findElement(DefaultElementLocator.java:69)
	at org.openqa.selenium.support.pagefactory.internal.LocatingElementHandler.invoke(LocatingElementHandler.java:38)
	at com.sun.proxy.$Proxy8.getText(Unknown Source)
	at com.qa.pages.TripAdvisorHotelReviewPage.getProductRateInFlikart(TripAdvisorHotelReviewPage.java:139)
	at com.qa.testcases.TripAdvisorHotelReviewPageTest.readProductRateInFlipkart(TripAdvisorHotelReviewPageTest.java:44)
... Removed 29 stack frames</div></td></tr></table><p class="totop"><a href="#summary">back to summary</a></p><h3 id="m2">com.qa.testcases.TripAdvisorHomePageTest#firstItemClick</h3><table class="result"></table><p class="totop"><a href="#summary">back to summary</a></p><h3 id="m3">com.qa.testcases.TripAdvisorHomePageTest#moveToFlipkart</h3><table class="result"></table><p class="totop"><a href="#summary">back to summary</a></p><h3 id="m4">com.qa.testcases.TripAdvisorHomePageTest#productSearch</h3><table class="result"></table><p class="totop"><a href="#summary">back to summary</a></p><h3 id="m5">com.qa.testcases.TripAdvisorHomePageTest#productSearchButtonClick</h3><table class="result"></table><p class="totop"><a href="#summary">back to summary</a></p><h3 id="m6">com.qa.testcases.TripAdvisorHotelReviewPageTest#enterProductNameToSearchInFlikart</h3><table class="result"></table><p class="totop"><a href="#summary">back to summary</a></p></body></html>